<?xml version="1.0" encoding="UTF-8" ?>
<testsuite errors="0" failures="1" hostname="lingming-PC" name="pkg1.SampleTestSuite" tests="3" time="0.18" timestamp="2012-06-14T06:48:45">
  <properties>
    <property name="java.vendor" value="Sun Microsystems Inc." />
    <property name="faulttracer.jars.dir" value="D:\eclipse3.7.2\workspace\FaultTracer/lib/" />
    <property name="sun.java.launcher" value="SUN_STANDARD" />
    <property name="sun.management.compiler" value="HotSpot Client Compiler" />
    <property name="create.coverage.project.test.suite" value="-Dfaulttracer.test.suite=pkg1.SampleTestSuite" />
    <property name="faulttracer.output.dir" value="D:\eclipse3.7.2\workspace\FaultTracer\Projects\Test/FaultTracer-files" />
    <property name="os.name" value="Windows 7" />
    <property name="sun.boot.class.path" value="C:\Program Files (x86)\Java\jdk1.6.0_21\jre\lib\resources.jar;C:\Program Files (x86)\Java\jdk1.6.0_21\jre\lib\rt.jar;C:\Program Files (x86)\Java\jdk1.6.0_21\jre\lib\sunrsasign.jar;C:\Program Files (x86)\Java\jdk1.6.0_21\jre\lib\jsse.jar;C:\Program Files (x86)\Java\jdk1.6.0_21\jre\lib\jce.jar;C:\Program Files (x86)\Java\jdk1.6.0_21\jre\lib\charsets.jar;C:\Program Files (x86)\Java\jdk1.6.0_21\jre\classes" />
    <property name="create.coverage.trace" value="-Dfaulttracer.trace=true" />
    <property name="sun.desktop" value="windows" />
    <property name="create.coverage.package.prefix" value="-Dfaulttracer.package.prefix=pkg1" />
    <property name="java.vm.specification.vendor" value="Sun Microsystems Inc." />
    <property name="ant.home" value="D:\Software\apache-ant-1.8.3\bin\.." />
    <property name="java.runtime.version" value="1.6.0_21-b07" />
    <property name="faulttracer.location" value="D:\eclipse3.7.2\workspace\FaultTracer" />
    <property name="faulttracer.test.suite" value="pkg1.SampleTestSuite" />
    <property name="subject" value="Test" />
    <property name="faulttracer" value="D:\eclipse3.7.2\workspace\FaultTracer" />
    <property name="user.name" value="lingming" />
    <property name="project.prefix" value="pkg1" />
    <property name="user.language" value="zh" />
    <property name="sun.boot.library.path" value="C:\Program Files (x86)\Java\jdk1.6.0_21\jre\bin" />
    <property name="faulttracer.javaagent" value="D:\eclipse3.7.2\workspace\FaultTracer/agent.jar" />
    <property name="ant.project.name" value="FaultTracer-specific" />
    <property name="java.version" value="1.6.0_21" />
    <property name="user.timezone" value="" />
    <property name="sun.arch.data.model" value="32" />
    <property name="faulttracer.properties.add" value=" " />
    <property name="java.endorsed.dirs" value="C:\Program Files (x86)\Java\jdk1.6.0_21\jre\lib\endorsed" />
    <property name="sun.cpu.isalist" value="" />
    <property name="sun.jnu.encoding" value="GBK" />
    <property name="file.encoding.pkg" value="sun.io" />
    <property name="classes.add" value="" />
    <property name="cp" value="D:\eclipse3.7.2\workspace\FaultTracer\Projects\Test\bin;D:\eclipse3.7.2\workspace\FaultTracer\Projects\Test\lib\junit.jar;" />
    <property name="create.coverage.javaagent" value="-javaagent:D:\eclipse3.7.2\workspace\FaultTracer/agent.jar" />
    <property name="file.separator" value="\" />
    <property name="java.specification.name" value="Java Platform API Specification" />
    <property name="java.class.version" value="50.0" />
    <property name="user.country" value="CN" />
    <property name="java.home" value="C:\Program Files (x86)\Java\jdk1.6.0_21\jre" />
    <property name="java.vm.info" value="mixed mode" />
    <property name="ant.file" value="D:\eclipse3.7.2\workspace\FaultTracer\Projects\Test\faulttracer.xml" />
    <property name="os.version" value="6.1" />
    <property name="faulttracer.trace" value="true" />
    <property name="path.separator" value=";" />
    <property name="java.vm.version" value="17.0-b17" />
    <property name="user.variant" value="" />
    <property name="ant.library.dir" value="D:\Software\apache-ant-1.8.3\lib" />
    <property name="java.awt.printerjob" value="sun.awt.windows.WPrinterJob" />
    <property name="sun.io.unicode.encoding" value="UnicodeLittle" />
    <property name="ant.file.FaultTracer-specific" value="D:\eclipse3.7.2\workspace\FaultTracer\Projects\Test\faulttracer.xml" />
    <property name="awt.toolkit" value="sun.awt.windows.WToolkit" />
    <property name="project.test.suite" value="pkg1.SampleTestSuite" />
    <property name="faulttracer.maxmemory" value="1048m" />
    <property name="user.home" value="C:\Users\lingming" />
    <property name="java.specification.vendor" value="Sun Microsystems Inc." />
    <property name="java.library.path" value="C:\Program Files (x86)\Java\jdk1.6.0_21\jre\bin;.;C:\Windows\Sun\Java\bin;C:\Windows\system32;C:\Windows;D:\Software\apache-ant-1.8.3\bin;C:\Program Files (x86)\Java\jdk1.6.0_21\bin;C:\Windows\system32;C:\Windows;C:\Windows\System32\Wbem;C:\Windows\System32\WindowsPowerShell\v1.0\;c:\Program Files (x86)\ATI Technologies\ATI.ACE\Core-Static;C:\Program Files\TortoiseSVN\bin;C:\CTEX\UserData\miktex\bin;C:\CTEX\MiKTeX\miktex\bin;C:\CTEX\CTeX\ctex\bin;C:\CTEX\CTeX\cct\bin;C:\CTEX\CTeX\ty\bin;C:\CTEX\Ghostscript\gs8.70\bin;C:\CTEX\GSview\gsview;C:\CTEX\WinEdt;C:\Program Files (x86)\QuickTime\QTSystem\" />
    <property name="java.vendor.url" value="http://java.sun.com/" />
    <property name="java.vm.vendor" value="Sun Microsystems Inc." />
    <property name="java.runtime.name" value="Java(TM) SE Runtime Environment" />
    <property name="java.class.path" value="D:\eclipse3.7.2\workspace\FaultTracer\lib\FaultTracer.jar;D:\eclipse3.7.2\workspace\FaultTracer\lib\agent.jar;D:\eclipse3.7.2\workspace\FaultTracer\lib\asm-3.0.jar;D:\eclipse3.7.2\workspace\FaultTracer\lib\asm-all-3.1.jar;D:\eclipse3.7.2\workspace\FaultTracer\lib\asm-commons-3.1.jar;D:\eclipse3.7.2\workspace\FaultTracer\lib\asm-tree-3.1.jar;D:\eclipse3.7.2\workspace\FaultTracer\lib\asm-util-3.1.jar;D:\eclipse3.7.2\workspace\FaultTracer\lib\commons-lang-2.3.jar;D:\eclipse3.7.2\workspace\FaultTracer\lib\log4j-1.2.14.jar;D:\eclipse3.7.2\workspace\FaultTracer\Projects\Test\bin;D:\eclipse3.7.2\workspace\FaultTracer\Projects\Test\lib\junit.jar;D:\eclipse3.7.2\workspace\FaultTracer\Projects\Test;D:\Software\Java\jre6\lib\ext\QTJava.zip;D:\Software\apache-ant-1.8.3\lib\ant-launcher.jar;D:\Software\apache-ant-1.8.3\lib\ant.jar;D:\Software\apache-ant-1.8.3\lib\ant-junit.jar;D:\Software\apache-ant-1.8.3\lib\ant-junit4.jar;D:\eclipse3.7.2\workspace\FaultTracer/agent.jar" />
    <property name="ant.version" value="Apache Ant(TM) version 1.8.3 compiled on February 26 2012" />
    <property name="faulttracer.dist.dir" value="D:\eclipse3.7.2\workspace\FaultTracer" />
    <property name="ant.file.type.FaultTracer-specific" value="file" />
    <property name="java.vm.specification.name" value="Java Virtual Machine Specification" />
    <property name="ant.file.type" value="file" />
    <property name="java.vm.specification.version" value="1.0" />
    <property name="sun.cpu.endian" value="little" />
    <property name="sun.os.patch.level" value="" />
    <property name="faulttracer.arg.line" value=" -javaagent:D:\eclipse3.7.2\workspace\FaultTracer/agent.jar -Xmx1048m -Dfaulttracer.package.prefix=pkg1 -Dfaulttracer.test.suite=pkg1.SampleTestSuite -Dfaulttracer.trace=true" />
    <property name="java.io.tmpdir" value="C:\Users\lingming\AppData\Local\Temp\" />
    <property name="java.vendor.url.bug" value="http://java.sun.com/cgi-bin/bugreport.cgi" />
    <property name="prefix" value="pkg1" />
    <property name="java.awt.graphicsenv" value="sun.awt.Win32GraphicsEnvironment" />
    <property name="os.arch" value="x86" />
    <property name="testsuite" value="pkg1.SampleTestSuite" />
    <property name="java.ext.dirs" value="C:\Program Files (x86)\Java\jdk1.6.0_21\jre\lib\ext;C:\Windows\Sun\Java\lib\ext" />
    <property name="user.dir" value="D:\eclipse3.7.2\workspace\FaultTracer\Projects\Test" />
    <property name="line.separator" value="&#xd;&#xa;" />
    <property name="java.vm.name" value="Java HotSpot(TM) Client VM" />
    <property name="ant.file.type.FaultTracer-general" value="file" />
    <property name="ant.file.FaultTracer-general" value="D:\eclipse3.7.2\workspace\FaultTracer\resources\faulttracer.xml" />
    <property name="basedir" value="D:\eclipse3.7.2\workspace\FaultTracer\Projects\Test" />
    <property name="create.coverage.memory" value="-Xmx1048m" />
    <property name="methods.add" value="" />
    <property name="ant.java.version" value="1.6" />
    <property name="ant.core.lib" value="D:\Software\apache-ant-1.8.3\lib\ant.jar" />
    <property name="file.encoding" value="GBK" />
    <property name="faulttracer.package.prefix" value="pkg1" />
    <property name="java.specification.version" value="1.6" />
    <property name="ant.project.invoked-targets" value="test-faulttracer" />
  </properties>
  <testcase classname="pkg1.Tests" name="test1" time="0.011" />
  <testcase classname="pkg1.Tests" name="test3" time="0.0080">
    <failure message="expected:&lt;3&gt; but was:&lt;4&gt;" type="junit.framework.AssertionFailedError">junit.framework.AssertionFailedError: expected:&lt;3&gt; but was:&lt;4&gt;
	at pkg1.Tests.test3(Tests.java:15)
	at tracer.coverage.junit.JUnitTestDriver.runWithOutTimeout(JUnitTestDriver.java:74)
	at tracer.coverage.junit.JUnitTestDriver.runNormalTests(JUnitTestDriver.java:62)
	at tracer.coverage.junit.JUnitTestDriver.run(JUnitTestDriver.java:42)
	at tracer.coverage.junit.FaultTracerTestSuite.run(FaultTracerTestSuite.java:40)
</failure>
  </testcase>
  <testcase classname="pkg1.Tests" name="test2" time="0.0020" />
  <system-out><![CDATA[]]></system-out>
  <system-err><![CDATA[]]></system-err>
</testsuite>
